#
# There is insufficient memory for the Java Runtime Environment to continue.
# Native memory allocation (mmap) failed to map 357892096 bytes for committing reserved memory.
# Possible reasons:
#   The system is out of physical RAM or swap space
#   In 32 bit mode, the process size limit was hit
# Possible solutions:
#   Reduce memory load on the system
#   Increase physical memory or swap space
#   Check if swap backing store is full
#   Use 64 bit Java on a 64 bit OS
#   Decrease Java heap size (-Xmx/-Xms)
#   Decrease number of Java threads
#   Decrease Java thread stack sizes (-Xss)
#   Set larger code cache with -XX:ReservedCodeCacheSize=
# This output file may be truncated or incomplete.
#
#  Out of Memory Error (os_linux.cpp:2746), pid=103916, tid=0x00007f526c1ae700
#
# JRE version:  (8.0_191-b12) (build )
# Java VM: OpenJDK 64-Bit Server VM (25.191-b12 mixed mode linux-amd64 compressed oops)
# Failed to write core dump. Core dumps have been disabled. To enable core dumping, try "ulimit -c unlimited" before starting Java again
#

---------------  T H R E A D  ---------------

Current thread (0x00007f526400a800):  JavaThread "Unknown thread" [_thread_in_vm, id=103917, stack(0x00007f526c0ae000,0x00007f526c1af000)]

Stack: [0x00007f526c0ae000,0x00007f526c1af000],  sp=0x00007f526c1ad5d0,  free space=1021k
Native frames: (J=compiled Java code, j=interpreted, Vv=VM code, C=native code)
V  [libjvm.so+0xa742ab]
V  [libjvm.so+0x4c8f4c]
V  [libjvm.so+0x8c0db8]
V  [libjvm.so+0x8b83ee]
V  [libjvm.so+0xa70b94]
V  [libjvm.so+0x5cf3a6]
V  [libjvm.so+0x4d245f]
V  [libjvm.so+0x5d0772]
V  [libjvm.so+0x5bc6ff]
V  [libjvm.so+0xa37809]
V  [libjvm.so+0xa37a52]
V  [libjvm.so+0x61449f]
V  [libjvm.so+0xa1cdfa]
V  [libjvm.so+0x68e092]  JNI_CreateJavaVM+0x62
C  [libjli.so+0x2f2e]
C  [libjli.so+0x74ed]
C  [libpthread.so.0+0x76ba]  start_thread+0xca


---------------  P R O C E S S  ---------------

Java Threads: ( => current thread )

Other Threads:

=>0x00007f526400a800 (exited) JavaThread "Unknown thread" [_thread_in_vm, id=103917, stack(0x00007f526c0ae000,0x00007f526c1af000)]

VM state:not at safepoint (not fully initialized)

VM Mutex/Monitor currently owned by a thread: None

GC Heap History (0 events):
No events

Deoptimization events (0 events):
No events

Classes redefined (0 events):
No events

Internal exceptions (0 events):
No events

Events (0 events):
No events


Dynamic libraries:
00400000-00401000 r-xp 00000000 08:01 918886                             /usr/lib/jvm/java-8-openjdk-amd64/jre/bin/java
00600000-00601000 r--p 00000000 08:01 918886                             /usr/lib/jvm/java-8-openjdk-amd64/jre/bin/java
00601000-00602000 rw-p 00001000 08:01 918886                             /usr/lib/jvm/java-8-openjdk-amd64/jre/bin/java
0129f000-012c0000 rw-p 00000000 00:00 0                                  [heap]
d5550000-100000000 ---p 00000000 00:00 0 
7f525c000000-7f525c270000 rwxp 00000000 00:00 0 
7f525c270000-7f5264000000 ---p 00000000 00:00 0 
7f5264000000-7f5264032000 rw-p 00000000 00:00 0 
7f5264032000-7f5268000000 ---p 00000000 00:00 0 
7f5268711000-7f5268911000 ---p 00000000 00:00 0 
7f5268911000-7f526891c000 rw-p 00000000 00:00 0 
7f526891c000-7f5268b12000 ---p 00000000 00:00 0 
7f5268b12000-7f5268b1a000 r-xp 00000000 08:01 918943                     /usr/lib/jvm/java-8-openjdk-amd64/jre/lib/amd64/libzip.so
7f5268b1a000-7f5268d19000 ---p 00008000 08:01 918943                     /usr/lib/jvm/java-8-openjdk-amd64/jre/lib/amd64/libzip.so
7f5268d19000-7f5268d1a000 r--p 00007000 08:01 918943                     /usr/lib/jvm/java-8-openjdk-amd64/jre/lib/amd64/libzip.so
7f5268d1a000-7f5268d1b000 rw-p 00008000 08:01 918943                     /usr/lib/jvm/java-8-openjdk-amd64/jre/lib/amd64/libzip.so
7f5268d1b000-7f5268d26000 r-xp 00000000 08:01 448894                     /lib/x86_64-linux-gnu/libnss_files-2.23.so
7f5268d26000-7f5268f25000 ---p 0000b000 08:01 448894                     /lib/x86_64-linux-gnu/libnss_files-2.23.so
7f5268f25000-7f5268f26000 r--p 0000a000 08:01 448894                     /lib/x86_64-linux-gnu/libnss_files-2.23.so
7f5268f26000-7f5268f27000 rw-p 0000b000 08:01 448894                     /lib/x86_64-linux-gnu/libnss_files-2.23.so
7f5268f27000-7f5268f2d000 rw-p 00000000 00:00 0 
7f5268f2d000-7f5268f38000 r-xp 00000000 08:01 448898                     /lib/x86_64-linux-gnu/libnss_nis-2.23.so
7f5268f38000-7f5269137000 ---p 0000b000 08:01 448898                     /lib/x86_64-linux-gnu/libnss_nis-2.23.so
7f5269137000-7f5269138000 r--p 0000a000 08:01 448898                     /lib/x86_64-linux-gnu/libnss_nis-2.23.so
7f5269138000-7f5269139000 rw-p 0000b000 08:01 448898                     /lib/x86_64-linux-gnu/libnss_nis-2.23.so
7f5269139000-7f526914f000 r-xp 00000000 08:01 447985                     /lib/x86_64-linux-gnu/libnsl-2.23.so
7f526914f000-7f526934e000 ---p 00016000 08:01 447985                     /lib/x86_64-linux-gnu/libnsl-2.23.so
7f526934e000-7f526934f000 r--p 00015000 08:01 447985                     /lib/x86_64-linux-gnu/libnsl-2.23.so
7f526934f000-7f5269350000 rw-p 00016000 08:01 447985                     /lib/x86_64-linux-gnu/libnsl-2.23.so
7f5269350000-7f5269352000 rw-p 00000000 00:00 0 
7f5269352000-7f526935a000 r-xp 00000000 08:01 447998                     /lib/x86_64-linux-gnu/libnss_compat-2.23.so
7f526935a000-7f5269559000 ---p 00008000 08:01 447998                     /lib/x86_64-linux-gnu/libnss_compat-2.23.so
7f5269559000-7f526955a000 r--p 00007000 08:01 447998                     /lib/x86_64-linux-gnu/libnss_compat-2.23.so
7f526955a000-7f526955b000 rw-p 00008000 08:01 447998                     /lib/x86_64-linux-gnu/libnss_compat-2.23.so
7f526955b000-7f5269588000 r-xp 00000000 08:01 918948                     /usr/lib/jvm/java-8-openjdk-amd64/jre/lib/amd64/libjava.so
7f5269588000-7f5269787000 ---p 0002d000 08:01 918948                     /usr/lib/jvm/java-8-openjdk-amd64/jre/lib/amd64/libjava.so
7f5269787000-7f5269788000 r--p 0002c000 08:01 918948                     /usr/lib/jvm/java-8-openjdk-amd64/jre/lib/amd64/libjava.so
7f5269788000-7f526978a000 rw-p 0002d000 08:01 918948                     /usr/lib/jvm/java-8-openjdk-amd64/jre/lib/amd64/libjava.so
7f526978a000-7f5269799000 r-xp 00000000 08:01 918929                     /usr/lib/jvm/java-8-openjdk-amd64/jre/lib/amd64/libverify.so
7f5269799000-7f5269998000 ---p 0000f000 08:01 918929                     /usr/lib/jvm/java-8-openjdk-amd64/jre/lib/amd64/libverify.so
7f5269998000-7f526999a000 r--p 0000e000 08:01 918929                     /usr/lib/jvm/java-8-openjdk-amd64/jre/lib/amd64/libverify.so
7f526999a000-7f526999b000 rw-p 00010000 08:01 918929                     /usr/lib/jvm/java-8-openjdk-amd64/jre/lib/amd64/libverify.so
7f526999b000-7f52699a2000 r-xp 00000000 08:01 448899                     /lib/x86_64-linux-gnu/librt-2.23.so
7f52699a2000-7f5269ba1000 ---p 00007000 08:01 448899                     /lib/x86_64-linux-gnu/librt-2.23.so
7f5269ba1000-7f5269ba2000 r--p 00006000 08:01 448899                     /lib/x86_64-linux-gnu/librt-2.23.so
7f5269ba2000-7f5269ba3000 rw-p 00007000 08:01 448899                     /lib/x86_64-linux-gnu/librt-2.23.so
7f5269ba3000-7f5269bb9000 r-xp 00000000 08:01 398604                     /lib/x86_64-linux-gnu/libgcc_s.so.1
7f5269bb9000-7f5269db8000 ---p 00016000 08:01 398604                     /lib/x86_64-linux-gnu/libgcc_s.so.1
7f5269db8000-7f5269db9000 rw-p 00015000 08:01 398604                     /lib/x86_64-linux-gnu/libgcc_s.so.1
7f5269db9000-7f5269ec1000 r-xp 00000000 08:01 398519                     /lib/x86_64-linux-gnu/libm-2.23.so
7f5269ec1000-7f526a0c0000 ---p 00108000 08:01 398519                     /lib/x86_64-linux-gnu/libm-2.23.so
7f526a0c0000-7f526a0c1000 r--p 00107000 08:01 398519                     /lib/x86_64-linux-gnu/libm-2.23.so
7f526a0c1000-7f526a0c2000 rw-p 00108000 08:01 398519                     /lib/x86_64-linux-gnu/libm-2.23.so
7f526a0c2000-7f526a234000 r-xp 00000000 08:01 656479                     /usr/lib/x86_64-linux-gnu/libstdc++.so.6.0.21
7f526a234000-7f526a434000 ---p 00172000 08:01 656479                     /usr/lib/x86_64-linux-gnu/libstdc++.so.6.0.21
7f526a434000-7f526a43e000 r--p 00172000 08:01 656479                     /usr/lib/x86_64-linux-gnu/libstdc++.so.6.0.21
7f526a43e000-7f526a440000 rw-p 0017c000 08:01 656479                     /usr/lib/x86_64-linux-gnu/libstdc++.so.6.0.21
7f526a440000-7f526a444000 rw-p 00000000 00:00 0 
7f526a444000-7f526b0a5000 r-xp 00000000 08:01 918923                     /usr/lib/jvm/java-8-openjdk-amd64/jre/lib/amd64/server/libjvm.so
7f526b0a5000-7f526b2a5000 ---p 00c61000 08:01 918923                     /usr/lib/jvm/java-8-openjdk-amd64/jre/lib/amd64/server/libjvm.so
7f526b2a5000-7f526b339000 r--p 00c61000 08:01 918923                     /usr/lib/jvm/java-8-openjdk-amd64/jre/lib/amd64/server/libjvm.so
7f526b339000-7f526b362000 rw-p 00cf5000 08:01 918923                     /usr/lib/jvm/java-8-openjdk-amd64/jre/lib/amd64/server/libjvm.so
7f526b362000-7f526b392000 rw-p 00000000 00:00 0 
7f526b392000-7f526b3aa000 r-xp 00000000 08:01 447987                     /lib/x86_64-linux-gnu/libpthread-2.23.so
7f526b3aa000-7f526b5a9000 ---p 00018000 08:01 447987                     /lib/x86_64-linux-gnu/libpthread-2.23.so
7f526b5a9000-7f526b5aa000 r--p 00017000 08:01 447987                     /lib/x86_64-linux-gnu/libpthread-2.23.so
7f526b5aa000-7f526b5ab000 rw-p 00018000 08:01 447987                     /lib/x86_64-linux-gnu/libpthread-2.23.so
7f526b5ab000-7f526b5af000 rw-p 00000000 00:00 0 
7f526b5af000-7f526b5b2000 r-xp 00000000 08:01 447990                     /lib/x86_64-linux-gnu/libdl-2.23.so
7f526b5b2000-7f526b7b1000 ---p 00003000 08:01 447990                     /lib/x86_64-linux-gnu/libdl-2.23.so
7f526b7b1000-7f526b7b2000 r--p 00002000 08:01 447990                     /lib/x86_64-linux-gnu/libdl-2.23.so
7f526b7b2000-7f526b7b3000 rw-p 00003000 08:01 447990                     /lib/x86_64-linux-gnu/libdl-2.23.so
7f526b7b3000-7f526b7cc000 r-xp 00000000 08:01 398757                     /lib/x86_64-linux-gnu/libz.so.1.2.8
7f526b7cc000-7f526b9cb000 ---p 00019000 08:01 398757                     /lib/x86_64-linux-gnu/libz.so.1.2.8
7f526b9cb000-7f526b9cc000 r--p 00018000 08:01 398757                     /lib/x86_64-linux-gnu/libz.so.1.2.8
7f526b9cc000-7f526b9cd000 rw-p 00019000 08:01 398757                     /lib/x86_64-linux-gnu/libz.so.1.2.8
7f526b9cd000-7f526bb8d000 r-xp 00000000 08:01 447988                     /lib/x86_64-linux-gnu/libc-2.23.so
7f526bb8d000-7f526bd8d000 ---p 001c0000 08:01 447988                     /lib/x86_64-linux-gnu/libc-2.23.so
7f526bd8d000-7f526bd91000 r--p 001c0000 08:01 447988                     /lib/x86_64-linux-gnu/libc-2.23.so
7f526bd91000-7f526bd93000 rw-p 001c4000 08:01 447988                     /lib/x86_64-linux-gnu/libc-2.23.so
7f526bd93000-7f526bd97000 rw-p 00000000 00:00 0 
7f526bd97000-7f526bda4000 r-xp 00000000 08:01 918934                     /usr/lib/jvm/java-8-openjdk-amd64/jre/lib/amd64/jli/libjli.so
7f526bda4000-7f526bfa4000 ---p 0000d000 08:01 918934                     /usr/lib/jvm/java-8-openjdk-amd64/jre/lib/amd64/jli/libjli.so
7f526bfa4000-7f526bfa5000 r--p 0000d000 08:01 918934                     /usr/lib/jvm/java-8-openjdk-amd64/jre/lib/amd64/jli/libjli.so
7f526bfa5000-7f526bfa6000 rw-p 0000e000 08:01 918934                     /usr/lib/jvm/java-8-openjdk-amd64/jre/lib/amd64/jli/libjli.so
7f526bfa6000-7f526bfcc000 r-xp 00000000 08:01 447986                     /lib/x86_64-linux-gnu/ld-2.23.so
7f526c0ae000-7f526c0b1000 ---p 00000000 00:00 0 
7f526c0b1000-7f526c1b3000 rw-p 00000000 00:00 0 
7f526c1c0000-7f526c1c8000 rw-s 00000000 08:01 2359398                    /tmp/hsperfdata_dineshparimi/103916
7f526c1c8000-7f526c1c9000 rw-p 00000000 00:00 0 
7f526c1c9000-7f526c1ca000 r--p 00000000 00:00 0 
7f526c1ca000-7f526c1cb000 rw-p 00000000 00:00 0 
7f526c1cb000-7f526c1cc000 r--p 00025000 08:01 447986                     /lib/x86_64-linux-gnu/ld-2.23.so
7f526c1cc000-7f526c1cd000 rw-p 00026000 08:01 447986                     /lib/x86_64-linux-gnu/ld-2.23.so
7f526c1cd000-7f526c1ce000 rw-p 00000000 00:00 0 
7ffd1db42000-7ffd1db63000 rw-p 00000000 00:00 0                          [stack]
7ffd1dbf2000-7ffd1dbf4000 r--p 00000000 00:00 0                          [vvar]
7ffd1dbf4000-7ffd1dbf6000 r-xp 00000000 00:00 0                          [vdso]
ffffffffff600000-ffffffffff601000 r-xp 00000000 00:00 0                  [vsyscall]

VM Arguments:
jvm_args: -Xms1024m -Xmx1024m -XX:ReservedCodeCacheSize=128m -XX:MaxMetaspaceSize=256m 
java_command: /usr/share/sbt/bin/sbt-launch.jar runMain UARTWrapperDriver
java_class_path (initial): /usr/share/sbt/bin/sbt-launch.jar
Launcher Type: SUN_STANDARD

Environment Variables:
PATH=~/Documents/firrtl/utils/bin:/home/dineshparimi/bin:/home/dineshparimi/.local/bin:/usr/local/sbin:/usr/local/bin:/usr/sbin:/usr/bin:/sbin:/bin:/usr/games:/usr/local/games:/snap/bin
SHELL=/bin/bash
DISPLAY=:0

Signal Handlers:
SIGSEGV: [libjvm.so+0xa74e00], sa_mask[0]=11111111011111111101111111111110, sa_flags=SA_RESTART|SA_SIGINFO
SIGBUS: [libjvm.so+0xa74e00], sa_mask[0]=11111111011111111101111111111110, sa_flags=SA_RESTART|SA_SIGINFO
SIGFPE: [libjvm.so+0x8bbe10], sa_mask[0]=11111111011111111101111111111110, sa_flags=SA_RESTART|SA_SIGINFO
SIGPIPE: [libjvm.so+0x8bbe10], sa_mask[0]=11111111011111111101111111111110, sa_flags=SA_RESTART|SA_SIGINFO
SIGXFSZ: [libjvm.so+0x8bbe10], sa_mask[0]=11111111011111111101111111111110, sa_flags=SA_RESTART|SA_SIGINFO
SIGILL: [libjvm.so+0x8bbe10], sa_mask[0]=11111111011111111101111111111110, sa_flags=SA_RESTART|SA_SIGINFO
SIGUSR1: SIG_DFL, sa_mask[0]=00000000000000000000000000000000, sa_flags=none
SIGUSR2: [libjvm.so+0x8bbcc0], sa_mask[0]=00000000000000000000000000000000, sa_flags=SA_RESTART|SA_SIGINFO
SIGHUP: SIG_DFL, sa_mask[0]=00000000000000000000000000000000, sa_flags=none
SIGINT: SIG_DFL, sa_mask[0]=00000000000000000000000000000000, sa_flags=none
SIGTERM: SIG_DFL, sa_mask[0]=00000000000000000000000000000000, sa_flags=none
SIGQUIT: SIG_DFL, sa_mask[0]=00000000000000000000000000000000, sa_flags=none


---------------  S Y S T E M  ---------------

OS:DISTRIB_ID=Ubuntu
DISTRIB_RELEASE=16.04
DISTRIB_CODENAME=xenial
DISTRIB_DESCRIPTION="Ubuntu 16.04.5 LTS"

uname:Linux 4.10.0-28-generic #32~16.04.2-Ubuntu SMP Thu Jul 20 10:19:48 UTC 2017 x86_64
libc:glibc 2.23 NPTL 2.23 
rlimit: STACK 8192k, CORE 0k, NPROC 15550, NOFILE 1048576, AS infinity
load average:1.35 1.12 0.90

/proc/meminfo:
MemTotal:        4025424 kB
MemFree:          116668 kB
MemAvailable:     126540 kB
Buffers:           12804 kB
Cached:           261984 kB
SwapCached:         8992 kB
Active:          2828176 kB
Inactive:         638340 kB
Active(anon):    2722736 kB
Inactive(anon):   544120 kB
Active(file):     105440 kB
Inactive(file):    94220 kB
Unevictable:          32 kB
Mlocked:              32 kB
SwapTotal:       1046524 kB
SwapFree:          14064 kB
Dirty:               180 kB
Writeback:             0 kB
AnonPages:       3182764 kB
Mapped:           117628 kB
Shmem:             75108 kB
Slab:              85808 kB
SReclaimable:      30404 kB
SUnreclaim:        55404 kB
KernelStack:       11932 kB
PageTables:        42488 kB
NFS_Unstable:          0 kB
Bounce:                0 kB
WritebackTmp:          0 kB
CommitLimit:     3059236 kB
Committed_AS:    7599088 kB
VmallocTotal:   34359738367 kB
VmallocUsed:           0 kB
VmallocChunk:          0 kB
HardwareCorrupted:     0 kB
AnonHugePages:    780288 kB
ShmemHugePages:        0 kB
ShmemPmdMapped:        0 kB
CmaTotal:              0 kB
CmaFree:               0 kB
HugePages_Total:       0
HugePages_Free:        0
HugePages_Rsvd:        0
HugePages_Surp:        0
Hugepagesize:       2048 kB
DirectMap4k:      188224 kB
DirectMap2M:     4005888 kB
DirectMap1G:     2097152 kB

container (cgroup) information:
container_type: cgroupv1
cpu_cpuset_cpus: 0
cpu_memory_nodes: 0
active_processor_count: 1
cpu_quota: -1
cpu_period: 100000
cpu_shares: -1
memory_limit_in_bytes: -1
memory_and_swap_limit_in_bytes: -2
memory_soft_limit_in_bytes: -1
memory_usage_in_bytes: 3547152384
memory_max_usage_in_bytes: 1240940544


CPU:total 1 (initial active 1) (1 cores per cpu, 1 threads per core) family 6 model 70 stepping 1, cmov, cx8, fxsr, mmx, sse, sse2, sse3, ssse3, sse4.1, sse4.2, popcnt, avx, avx2, aes, clmul, erms, lzcnt, tsc, tscinvbit, bmi1, bmi2

/proc/cpuinfo:
processor	: 0
vendor_id	: GenuineIntel
cpu family	: 6
model		: 70
model name	: Intel(R) Core(TM) i7-4870HQ CPU @ 2.50GHz
stepping	: 1
microcode	: 0x1a
cpu MHz		: 2494.382
cache size	: 6144 KB
physical id	: 0
siblings	: 1
core id		: 0
cpu cores	: 1
apicid		: 0
initial apicid	: 0
fpu		: yes
fpu_exception	: yes
cpuid level	: 13
wp		: yes
flags		: fpu vme de pse tsc msr pae mce cx8 apic sep mtrr pge mca cmov pat pse36 clflush mmx fxsr sse sse2 ss syscall nx pdpe1gb rdtscp lm constant_tsc arch_perfmon nopl xtopology tsc_reliable nonstop_tsc pni pclmulqdq ssse3 fma cx16 pcid sse4_1 sse4_2 x2apic movbe popcnt tsc_deadline_timer aes xsave avx f16c rdrand hypervisor lahf_lm abm fsgsbase tsc_adjust bmi1 avx2 smep bmi2 invpcid xsaveopt arat
bugs		:
bogomips	: 4988.76
clflush size	: 64
cache_alignment	: 64
address sizes	: 43 bits physical, 48 bits virtual
power management:



Memory: 4k page, physical 4025424k(116668k free), swap 1046524k(14064k free)

vm_info: OpenJDK 64-Bit Server VM (25.191-b12) for linux-amd64 JRE (1.8.0_191-8u191-b12-0ubuntu0.16.04.1-b12), built on Nov 20 2018 15:24:40 by "buildd" with gcc 5.4.0 20160609

time: Fri Dec 21 02:56:35 2018
elapsed time: 0 seconds (0d 0h 0m 0s)

